{
  "stats": {
    "suites": 19,
    "tests": 41,
    "passes": 41,
    "pending": 0,
    "failures": 0,
    "start": "2025-04-17T19:56:21.874Z",
    "end": "2025-04-17T19:56:21.934Z",
    "duration": 60,
    "testsRegistered": 41,
    "passPercent": 100,
    "pendingPercent": 0,
    "other": 0,
    "hasOther": false,
    "skipped": 0,
    "hasSkipped": false
  },
  "results": [
    {
      "uuid": "c9adb6b2-0b46-418f-be1d-a65781db6b59",
      "title": "",
      "fullFile": "",
      "file": "",
      "beforeHooks": [],
      "afterHooks": [],
      "tests": [],
      "suites": [
        {
          "uuid": "c71ebd4a-0351-4af3-b345-0e2391179024",
          "title": "Utility Functions",
          "fullFile": "C:\\Users\\iolan\\OneDrive\\testing2\\practice_unit\\test\\arrayUtils.test.js",
          "file": "\\test\\arrayUtils.test.js",
          "beforeHooks": [],
          "afterHooks": [],
          "tests": [],
          "suites": [
            {
              "uuid": "6bb19a8e-fb93-4af0-8d2b-3544940d2794",
              "title": "findMax",
              "fullFile": "C:\\Users\\iolan\\OneDrive\\testing2\\practice_unit\\test\\arrayUtils.test.js",
              "file": "\\test\\arrayUtils.test.js",
              "beforeHooks": [],
              "afterHooks": [],
              "tests": [
                {
                  "title": "should return the maximum number in the array",
                  "fullTitle": "Utility Functions findMax should return the maximum number in the array",
                  "timedOut": false,
                  "duration": 0,
                  "state": "passed",
                  "speed": "fast",
                  "pass": true,
                  "fail": false,
                  "pending": false,
                  "context": null,
                  "code": "expect(findMax([1, 5, 3, 9, 2])).to.equal(9);",
                  "err": {},
                  "uuid": "f4791e03-77e3-4a6d-8783-9e9ce8dac59f",
                  "parentUUID": "6bb19a8e-fb93-4af0-8d2b-3544940d2794",
                  "isHook": false,
                  "skipped": false
                },
                {
                  "title": "should throw an error if input is not an array",
                  "fullTitle": "Utility Functions findMax should throw an error if input is not an array",
                  "timedOut": false,
                  "duration": 1,
                  "state": "passed",
                  "speed": "fast",
                  "pass": true,
                  "fail": false,
                  "pending": false,
                  "context": null,
                  "code": "expect(() => findMax(\"not an array\")).to.throw(\"Input must be an array\");",
                  "err": {},
                  "uuid": "7a7423a1-3cc3-4871-91d8-38d28cf69faa",
                  "parentUUID": "6bb19a8e-fb93-4af0-8d2b-3544940d2794",
                  "isHook": false,
                  "skipped": false
                },
                {
                  "title": "should return -Infinity for an empty array",
                  "fullTitle": "Utility Functions findMax should return -Infinity for an empty array",
                  "timedOut": false,
                  "duration": 1,
                  "state": "passed",
                  "speed": "fast",
                  "pass": true,
                  "fail": false,
                  "pending": false,
                  "context": null,
                  "code": "expect(findMax([])).to.equal(-Infinity);",
                  "err": {},
                  "uuid": "65beb6b8-da98-4208-8460-88aa25bcf21d",
                  "parentUUID": "6bb19a8e-fb93-4af0-8d2b-3544940d2794",
                  "isHook": false,
                  "skipped": false
                }
              ],
              "suites": [],
              "passes": [
                "f4791e03-77e3-4a6d-8783-9e9ce8dac59f",
                "7a7423a1-3cc3-4871-91d8-38d28cf69faa",
                "65beb6b8-da98-4208-8460-88aa25bcf21d"
              ],
              "failures": [],
              "pending": [],
              "skipped": [],
              "duration": 2,
              "root": false,
              "rootEmpty": false,
              "_timeout": 2000
            },
            {
              "uuid": "946d6366-60ed-4de5-b5ad-4c3b763c0cea",
              "title": "findMin",
              "fullFile": "C:\\Users\\iolan\\OneDrive\\testing2\\practice_unit\\test\\arrayUtils.test.js",
              "file": "\\test\\arrayUtils.test.js",
              "beforeHooks": [],
              "afterHooks": [],
              "tests": [
                {
                  "title": "should return the minimum number in the array",
                  "fullTitle": "Utility Functions findMin should return the minimum number in the array",
                  "timedOut": false,
                  "duration": 0,
                  "state": "passed",
                  "speed": "fast",
                  "pass": true,
                  "fail": false,
                  "pending": false,
                  "context": null,
                  "code": "expect(findMin([1, 5, 3, -2, 9])).to.equal(-2);",
                  "err": {},
                  "uuid": "5acfba69-b543-4f29-aedb-5b99b2e93199",
                  "parentUUID": "946d6366-60ed-4de5-b5ad-4c3b763c0cea",
                  "isHook": false,
                  "skipped": false
                },
                {
                  "title": "should throw an error if input is not an array",
                  "fullTitle": "Utility Functions findMin should throw an error if input is not an array",
                  "timedOut": false,
                  "duration": 0,
                  "state": "passed",
                  "speed": "fast",
                  "pass": true,
                  "fail": false,
                  "pending": false,
                  "context": null,
                  "code": "expect(() => findMin(null)).to.throw(\"Input must be an array\");",
                  "err": {},
                  "uuid": "ff9b88bd-6545-406e-b620-d68b0ba582f8",
                  "parentUUID": "946d6366-60ed-4de5-b5ad-4c3b763c0cea",
                  "isHook": false,
                  "skipped": false
                },
                {
                  "title": "should return Infinity for an empty array",
                  "fullTitle": "Utility Functions findMin should return Infinity for an empty array",
                  "timedOut": false,
                  "duration": 0,
                  "state": "passed",
                  "speed": "fast",
                  "pass": true,
                  "fail": false,
                  "pending": false,
                  "context": null,
                  "code": "expect(findMin([])).to.equal(Infinity);",
                  "err": {},
                  "uuid": "6526fc33-75da-407e-9c49-be03418f5823",
                  "parentUUID": "946d6366-60ed-4de5-b5ad-4c3b763c0cea",
                  "isHook": false,
                  "skipped": false
                }
              ],
              "suites": [],
              "passes": [
                "5acfba69-b543-4f29-aedb-5b99b2e93199",
                "ff9b88bd-6545-406e-b620-d68b0ba582f8",
                "6526fc33-75da-407e-9c49-be03418f5823"
              ],
              "failures": [],
              "pending": [],
              "skipped": [],
              "duration": 0,
              "root": false,
              "rootEmpty": false,
              "_timeout": 2000
            },
            {
              "uuid": "88b580e8-271f-4375-be01-5e581a1376da",
              "title": "removeDuplicates",
              "fullFile": "C:\\Users\\iolan\\OneDrive\\testing2\\practice_unit\\test\\arrayUtils.test.js",
              "file": "\\test\\arrayUtils.test.js",
              "beforeHooks": [],
              "afterHooks": [],
              "tests": [
                {
                  "title": "should remove duplicate elements from an array",
                  "fullTitle": "Utility Functions removeDuplicates should remove duplicate elements from an array",
                  "timedOut": false,
                  "duration": 0,
                  "state": "passed",
                  "speed": "fast",
                  "pass": true,
                  "fail": false,
                  "pending": false,
                  "context": null,
                  "code": "expect(removeDuplicates([1, 2, 2, 3, 4, 4, 5])).to.deep.equal([1, 2, 3, 4, 5]);",
                  "err": {},
                  "uuid": "4e6619ed-a20e-42a3-90f1-3f22d3edf52b",
                  "parentUUID": "88b580e8-271f-4375-be01-5e581a1376da",
                  "isHook": false,
                  "skipped": false
                },
                {
                  "title": "should handle an array with all unique values",
                  "fullTitle": "Utility Functions removeDuplicates should handle an array with all unique values",
                  "timedOut": false,
                  "duration": 0,
                  "state": "passed",
                  "speed": "fast",
                  "pass": true,
                  "fail": false,
                  "pending": false,
                  "context": null,
                  "code": "expect(removeDuplicates([1, 2, 3])).to.deep.equal([1, 2, 3]);",
                  "err": {},
                  "uuid": "a44241b8-a7c1-4533-8d8a-a7df025315be",
                  "parentUUID": "88b580e8-271f-4375-be01-5e581a1376da",
                  "isHook": false,
                  "skipped": false
                },
                {
                  "title": "should return an empty array when given an empty array",
                  "fullTitle": "Utility Functions removeDuplicates should return an empty array when given an empty array",
                  "timedOut": false,
                  "duration": 1,
                  "state": "passed",
                  "speed": "fast",
                  "pass": true,
                  "fail": false,
                  "pending": false,
                  "context": null,
                  "code": "expect(removeDuplicates([])).to.deep.equal([]);",
                  "err": {},
                  "uuid": "b189772f-6e3f-4aa4-8f22-fc83560a50b0",
                  "parentUUID": "88b580e8-271f-4375-be01-5e581a1376da",
                  "isHook": false,
                  "skipped": false
                },
                {
                  "title": "should throw an error if input is not an array",
                  "fullTitle": "Utility Functions removeDuplicates should throw an error if input is not an array",
                  "timedOut": false,
                  "duration": 0,
                  "state": "passed",
                  "speed": "fast",
                  "pass": true,
                  "fail": false,
                  "pending": false,
                  "context": null,
                  "code": "expect(() => removeDuplicates(123)).to.throw(\"Input must be an array\");",
                  "err": {},
                  "uuid": "d0f8c5ca-aaea-4e4d-b079-3d1c396bfbf7",
                  "parentUUID": "88b580e8-271f-4375-be01-5e581a1376da",
                  "isHook": false,
                  "skipped": false
                }
              ],
              "suites": [],
              "passes": [
                "4e6619ed-a20e-42a3-90f1-3f22d3edf52b",
                "a44241b8-a7c1-4533-8d8a-a7df025315be",
                "b189772f-6e3f-4aa4-8f22-fc83560a50b0",
                "d0f8c5ca-aaea-4e4d-b079-3d1c396bfbf7"
              ],
              "failures": [],
              "pending": [],
              "skipped": [],
              "duration": 1,
              "root": false,
              "rootEmpty": false,
              "_timeout": 2000
            }
          ],
          "passes": [],
          "failures": [],
          "pending": [],
          "skipped": [],
          "duration": 0,
          "root": false,
          "rootEmpty": false,
          "_timeout": 2000
        },
        {
          "uuid": "3181ddfc-fa72-42ca-b5cb-3ea1ab98b1aa",
          "title": "Math Functions",
          "fullFile": "C:\\Users\\iolan\\OneDrive\\testing2\\practice_unit\\test\\mathUtils.test.js",
          "file": "\\test\\mathUtils.test.js",
          "beforeHooks": [],
          "afterHooks": [],
          "tests": [],
          "suites": [
            {
              "uuid": "f86bb7bf-74b5-4811-8759-586f672bada2",
              "title": "add",
              "fullFile": "C:\\Users\\iolan\\OneDrive\\testing2\\practice_unit\\test\\mathUtils.test.js",
              "file": "\\test\\mathUtils.test.js",
              "beforeHooks": [],
              "afterHooks": [],
              "tests": [
                {
                  "title": "should return the sum of two numbers",
                  "fullTitle": "Math Functions add should return the sum of two numbers",
                  "timedOut": false,
                  "duration": 0,
                  "state": "passed",
                  "speed": "fast",
                  "pass": true,
                  "fail": false,
                  "pending": false,
                  "context": null,
                  "code": "expect(add(2, 3)).to.equal(5);\nexpect(add(-2, 3)).to.equal(1);\nexpect(add(0, 0)).to.equal(0);",
                  "err": {},
                  "uuid": "d6fe1563-e432-4e64-9aa9-f18b11e4f356",
                  "parentUUID": "f86bb7bf-74b5-4811-8759-586f672bada2",
                  "isHook": false,
                  "skipped": false
                }
              ],
              "suites": [],
              "passes": [
                "d6fe1563-e432-4e64-9aa9-f18b11e4f356"
              ],
              "failures": [],
              "pending": [],
              "skipped": [],
              "duration": 0,
              "root": false,
              "rootEmpty": false,
              "_timeout": 2000
            },
            {
              "uuid": "bfaaba0e-cb26-404b-8133-84a6060788dd",
              "title": "subtract",
              "fullFile": "C:\\Users\\iolan\\OneDrive\\testing2\\practice_unit\\test\\mathUtils.test.js",
              "file": "\\test\\mathUtils.test.js",
              "beforeHooks": [],
              "afterHooks": [],
              "tests": [
                {
                  "title": "should return the difference of two numbers",
                  "fullTitle": "Math Functions subtract should return the difference of two numbers",
                  "timedOut": false,
                  "duration": 0,
                  "state": "passed",
                  "speed": "fast",
                  "pass": true,
                  "fail": false,
                  "pending": false,
                  "context": null,
                  "code": "expect(subtract(5, 3)).to.equal(2);\nexpect(subtract(3, 5)).to.equal(-2);\nexpect(subtract(0, 0)).to.equal(0);",
                  "err": {},
                  "uuid": "7711206c-9cef-40c4-9e3f-f077caa26fc3",
                  "parentUUID": "bfaaba0e-cb26-404b-8133-84a6060788dd",
                  "isHook": false,
                  "skipped": false
                }
              ],
              "suites": [],
              "passes": [
                "7711206c-9cef-40c4-9e3f-f077caa26fc3"
              ],
              "failures": [],
              "pending": [],
              "skipped": [],
              "duration": 0,
              "root": false,
              "rootEmpty": false,
              "_timeout": 2000
            },
            {
              "uuid": "61892436-1599-42f8-985f-8c3b35737d86",
              "title": "multiply",
              "fullFile": "C:\\Users\\iolan\\OneDrive\\testing2\\practice_unit\\test\\mathUtils.test.js",
              "file": "\\test\\mathUtils.test.js",
              "beforeHooks": [],
              "afterHooks": [],
              "tests": [
                {
                  "title": "should return the product of two numbers",
                  "fullTitle": "Math Functions multiply should return the product of two numbers",
                  "timedOut": false,
                  "duration": 0,
                  "state": "passed",
                  "speed": "fast",
                  "pass": true,
                  "fail": false,
                  "pending": false,
                  "context": null,
                  "code": "expect(multiply(4, 3)).to.equal(12);\nexpect(multiply(-2, 3)).to.equal(-6);\nexpect(multiply(0, 5)).to.equal(0);",
                  "err": {},
                  "uuid": "e7a04ef7-07d0-4b54-8c12-145b75aa94d4",
                  "parentUUID": "61892436-1599-42f8-985f-8c3b35737d86",
                  "isHook": false,
                  "skipped": false
                }
              ],
              "suites": [],
              "passes": [
                "e7a04ef7-07d0-4b54-8c12-145b75aa94d4"
              ],
              "failures": [],
              "pending": [],
              "skipped": [],
              "duration": 0,
              "root": false,
              "rootEmpty": false,
              "_timeout": 2000
            },
            {
              "uuid": "4c87f60d-9c56-4398-aaea-e11ecef7a170",
              "title": "divide",
              "fullFile": "C:\\Users\\iolan\\OneDrive\\testing2\\practice_unit\\test\\mathUtils.test.js",
              "file": "\\test\\mathUtils.test.js",
              "beforeHooks": [],
              "afterHooks": [],
              "tests": [
                {
                  "title": "should return the quotient of two numbers",
                  "fullTitle": "Math Functions divide should return the quotient of two numbers",
                  "timedOut": false,
                  "duration": 0,
                  "state": "passed",
                  "speed": "fast",
                  "pass": true,
                  "fail": false,
                  "pending": false,
                  "context": null,
                  "code": "expect(divide(6, 3)).to.equal(2);\nexpect(divide(-6, 2)).to.equal(-3);",
                  "err": {},
                  "uuid": "ae10a792-52eb-426c-bfca-de6da8c11911",
                  "parentUUID": "4c87f60d-9c56-4398-aaea-e11ecef7a170",
                  "isHook": false,
                  "skipped": false
                },
                {
                  "title": "should throw an error when dividing by zero",
                  "fullTitle": "Math Functions divide should throw an error when dividing by zero",
                  "timedOut": false,
                  "duration": 1,
                  "state": "passed",
                  "speed": "fast",
                  "pass": true,
                  "fail": false,
                  "pending": false,
                  "context": null,
                  "code": "expect(() => divide(5, 0)).to.throw(\"Cannot divide by zero\");",
                  "err": {},
                  "uuid": "af7f7fa7-1340-4e91-9c8d-fd015165a213",
                  "parentUUID": "4c87f60d-9c56-4398-aaea-e11ecef7a170",
                  "isHook": false,
                  "skipped": false
                }
              ],
              "suites": [],
              "passes": [
                "ae10a792-52eb-426c-bfca-de6da8c11911",
                "af7f7fa7-1340-4e91-9c8d-fd015165a213"
              ],
              "failures": [],
              "pending": [],
              "skipped": [],
              "duration": 1,
              "root": false,
              "rootEmpty": false,
              "_timeout": 2000
            }
          ],
          "passes": [],
          "failures": [],
          "pending": [],
          "skipped": [],
          "duration": 0,
          "root": false,
          "rootEmpty": false,
          "_timeout": 2000
        },
        {
          "uuid": "162f5abb-f6ee-44f2-a8d9-f9dff98cd6fd",
          "title": "String Utilities",
          "fullFile": "C:\\Users\\iolan\\OneDrive\\testing2\\practice_unit\\test\\stringUtils.test.js",
          "file": "\\test\\stringUtils.test.js",
          "beforeHooks": [],
          "afterHooks": [],
          "tests": [],
          "suites": [
            {
              "uuid": "f3223062-e2c8-4762-9361-d286bea707a7",
              "title": "capitalize",
              "fullFile": "C:\\Users\\iolan\\OneDrive\\testing2\\practice_unit\\test\\stringUtils.test.js",
              "file": "\\test\\stringUtils.test.js",
              "beforeHooks": [],
              "afterHooks": [],
              "tests": [
                {
                  "title": "should capitalize the first letter of a string",
                  "fullTitle": "String Utilities capitalize should capitalize the first letter of a string",
                  "timedOut": false,
                  "duration": 0,
                  "state": "passed",
                  "speed": "fast",
                  "pass": true,
                  "fail": false,
                  "pending": false,
                  "context": null,
                  "code": "expect(capitalize('hello')).to.equal('Hello');\nexpect(capitalize('world')).to.equal('World');",
                  "err": {},
                  "uuid": "3c1d5728-fe20-4ada-a030-9396493af130",
                  "parentUUID": "f3223062-e2c8-4762-9361-d286bea707a7",
                  "isHook": false,
                  "skipped": false
                },
                {
                  "title": "should not change an already capitalized string",
                  "fullTitle": "String Utilities capitalize should not change an already capitalized string",
                  "timedOut": false,
                  "duration": 1,
                  "state": "passed",
                  "speed": "fast",
                  "pass": true,
                  "fail": false,
                  "pending": false,
                  "context": null,
                  "code": "expect(capitalize('Hello')).to.equal('Hello');",
                  "err": {},
                  "uuid": "93db6e60-938b-4382-8adc-86ab2df45a3a",
                  "parentUUID": "f3223062-e2c8-4762-9361-d286bea707a7",
                  "isHook": false,
                  "skipped": false
                },
                {
                  "title": "should return an empty string when given an empty string",
                  "fullTitle": "String Utilities capitalize should return an empty string when given an empty string",
                  "timedOut": false,
                  "duration": 0,
                  "state": "passed",
                  "speed": "fast",
                  "pass": true,
                  "fail": false,
                  "pending": false,
                  "context": null,
                  "code": "expect(capitalize('')).to.equal('');",
                  "err": {},
                  "uuid": "a1ebafe2-d40a-4fdc-8ea2-f7ff8604343a",
                  "parentUUID": "f3223062-e2c8-4762-9361-d286bea707a7",
                  "isHook": false,
                  "skipped": false
                },
                {
                  "title": "should throw an error if input is not a string",
                  "fullTitle": "String Utilities capitalize should throw an error if input is not a string",
                  "timedOut": false,
                  "duration": 1,
                  "state": "passed",
                  "speed": "fast",
                  "pass": true,
                  "fail": false,
                  "pending": false,
                  "context": null,
                  "code": "expect(() => capitalize(123)).to.throw(\"Input must be a string\");",
                  "err": {},
                  "uuid": "5c0b0cc9-1a3d-43f7-a9c6-574339400db2",
                  "parentUUID": "f3223062-e2c8-4762-9361-d286bea707a7",
                  "isHook": false,
                  "skipped": false
                }
              ],
              "suites": [],
              "passes": [
                "3c1d5728-fe20-4ada-a030-9396493af130",
                "93db6e60-938b-4382-8adc-86ab2df45a3a",
                "a1ebafe2-d40a-4fdc-8ea2-f7ff8604343a",
                "5c0b0cc9-1a3d-43f7-a9c6-574339400db2"
              ],
              "failures": [],
              "pending": [],
              "skipped": [],
              "duration": 2,
              "root": false,
              "rootEmpty": false,
              "_timeout": 2000
            },
            {
              "uuid": "5611b8b9-7797-48c8-aafe-585d20769d07",
              "title": "reverseString",
              "fullFile": "C:\\Users\\iolan\\OneDrive\\testing2\\practice_unit\\test\\stringUtils.test.js",
              "file": "\\test\\stringUtils.test.js",
              "beforeHooks": [],
              "afterHooks": [],
              "tests": [
                {
                  "title": "should reverse the string",
                  "fullTitle": "String Utilities reverseString should reverse the string",
                  "timedOut": false,
                  "duration": 0,
                  "state": "passed",
                  "speed": "fast",
                  "pass": true,
                  "fail": false,
                  "pending": false,
                  "context": null,
                  "code": "expect(reverseString('hello')).to.equal('olleh');\nexpect(reverseString('abc')).to.equal('cba');",
                  "err": {},
                  "uuid": "5ba81bbc-bc85-4984-b360-2e57c1a5dd88",
                  "parentUUID": "5611b8b9-7797-48c8-aafe-585d20769d07",
                  "isHook": false,
                  "skipped": false
                },
                {
                  "title": "should return an empty string when given an empty string",
                  "fullTitle": "String Utilities reverseString should return an empty string when given an empty string",
                  "timedOut": false,
                  "duration": 0,
                  "state": "passed",
                  "speed": "fast",
                  "pass": true,
                  "fail": false,
                  "pending": false,
                  "context": null,
                  "code": "expect(reverseString('')).to.equal('');",
                  "err": {},
                  "uuid": "387433f5-1c4c-4aa7-8fee-58ed6880554c",
                  "parentUUID": "5611b8b9-7797-48c8-aafe-585d20769d07",
                  "isHook": false,
                  "skipped": false
                },
                {
                  "title": "should throw an error if input is not a string",
                  "fullTitle": "String Utilities reverseString should throw an error if input is not a string",
                  "timedOut": false,
                  "duration": 0,
                  "state": "passed",
                  "speed": "fast",
                  "pass": true,
                  "fail": false,
                  "pending": false,
                  "context": null,
                  "code": "expect(() => reverseString(null)).to.throw(\"Input must be a string\");",
                  "err": {},
                  "uuid": "d608c162-127c-4cd3-8eb4-3bbb49950539",
                  "parentUUID": "5611b8b9-7797-48c8-aafe-585d20769d07",
                  "isHook": false,
                  "skipped": false
                }
              ],
              "suites": [],
              "passes": [
                "5ba81bbc-bc85-4984-b360-2e57c1a5dd88",
                "387433f5-1c4c-4aa7-8fee-58ed6880554c",
                "d608c162-127c-4cd3-8eb4-3bbb49950539"
              ],
              "failures": [],
              "pending": [],
              "skipped": [],
              "duration": 0,
              "root": false,
              "rootEmpty": false,
              "_timeout": 2000
            },
            {
              "uuid": "30b8a13f-211b-453b-aa87-33653a2a0e43",
              "title": "isPalindrome",
              "fullFile": "C:\\Users\\iolan\\OneDrive\\testing2\\practice_unit\\test\\stringUtils.test.js",
              "file": "\\test\\stringUtils.test.js",
              "beforeHooks": [],
              "afterHooks": [],
              "tests": [
                {
                  "title": "should return true for palindromes",
                  "fullTitle": "String Utilities isPalindrome should return true for palindromes",
                  "timedOut": false,
                  "duration": 0,
                  "state": "passed",
                  "speed": "fast",
                  "pass": true,
                  "fail": false,
                  "pending": false,
                  "context": null,
                  "code": "expect(isPalindrome('mom')).to.be.true;\nexpect(isPalindrome('racecar')).to.be.true;\nexpect(isPalindrome('')).to.be.true; // empty string is a valid palindrome",
                  "err": {},
                  "uuid": "e3e85060-c047-42e2-8e16-fa0c4be8e91a",
                  "parentUUID": "30b8a13f-211b-453b-aa87-33653a2a0e43",
                  "isHook": false,
                  "skipped": false
                },
                {
                  "title": "should return false for non-palindromes",
                  "fullTitle": "String Utilities isPalindrome should return false for non-palindromes",
                  "timedOut": false,
                  "duration": 0,
                  "state": "passed",
                  "speed": "fast",
                  "pass": true,
                  "fail": false,
                  "pending": false,
                  "context": null,
                  "code": "expect(isPalindrome('hello')).to.be.false;\nexpect(isPalindrome('world')).to.be.false;",
                  "err": {},
                  "uuid": "11cc61cc-9802-4164-9a83-16a3b5c73331",
                  "parentUUID": "30b8a13f-211b-453b-aa87-33653a2a0e43",
                  "isHook": false,
                  "skipped": false
                },
                {
                  "title": "should be case-sensitive",
                  "fullTitle": "String Utilities isPalindrome should be case-sensitive",
                  "timedOut": false,
                  "duration": 0,
                  "state": "passed",
                  "speed": "fast",
                  "pass": true,
                  "fail": false,
                  "pending": false,
                  "context": null,
                  "code": "expect(isPalindrome('Mom')).to.be.false;",
                  "err": {},
                  "uuid": "22fa3619-7e9d-4244-a7c2-f0a68ed6b5ec",
                  "parentUUID": "30b8a13f-211b-453b-aa87-33653a2a0e43",
                  "isHook": false,
                  "skipped": false
                },
                {
                  "title": "should throw an error if input is not a string",
                  "fullTitle": "String Utilities isPalindrome should throw an error if input is not a string",
                  "timedOut": false,
                  "duration": 0,
                  "state": "passed",
                  "speed": "fast",
                  "pass": true,
                  "fail": false,
                  "pending": false,
                  "context": null,
                  "code": "expect(() => isPalindrome({})).to.throw(\"Input must be a string\");",
                  "err": {},
                  "uuid": "c63219a9-d3cf-4725-973f-9d2dd84031ae",
                  "parentUUID": "30b8a13f-211b-453b-aa87-33653a2a0e43",
                  "isHook": false,
                  "skipped": false
                }
              ],
              "suites": [],
              "passes": [
                "e3e85060-c047-42e2-8e16-fa0c4be8e91a",
                "11cc61cc-9802-4164-9a83-16a3b5c73331",
                "22fa3619-7e9d-4244-a7c2-f0a68ed6b5ec",
                "c63219a9-d3cf-4725-973f-9d2dd84031ae"
              ],
              "failures": [],
              "pending": [],
              "skipped": [],
              "duration": 0,
              "root": false,
              "rootEmpty": false,
              "_timeout": 2000
            }
          ],
          "passes": [],
          "failures": [],
          "pending": [],
          "skipped": [],
          "duration": 0,
          "root": false,
          "rootEmpty": false,
          "_timeout": 2000
        },
        {
          "uuid": "404ad134-6d5c-4a2c-9b62-e500b9df6c9e",
          "title": "checkStudentKnowledge",
          "fullFile": "C:\\Users\\iolan\\OneDrive\\testing2\\practice_unit\\test\\studentKnowledgeCheckerUtil.test.js",
          "file": "\\test\\studentKnowledgeCheckerUtil.test.js",
          "beforeHooks": [],
          "afterHooks": [],
          "tests": [
            {
              "title": "should return true if all answers are correct",
              "fullTitle": "checkStudentKnowledge should return true if all answers are correct",
              "timedOut": false,
              "duration": 1,
              "state": "passed",
              "speed": "fast",
              "pass": true,
              "fail": false,
              "pending": false,
              "context": null,
              "code": "const student = { q1: 'a', q2: 'b' };\nconst correct = { q1: 'a', q2: 'b' };\nexpect(checkStudentKnowledge(student, correct)).to.be.true;",
              "err": {},
              "uuid": "b4b190c4-a404-482b-b885-b67d0292bec2",
              "parentUUID": "404ad134-6d5c-4a2c-9b62-e500b9df6c9e",
              "isHook": false,
              "skipped": false
            },
            {
              "title": "should return false if answers are incorrect",
              "fullTitle": "checkStudentKnowledge should return false if answers are incorrect",
              "timedOut": false,
              "duration": 0,
              "state": "passed",
              "speed": "fast",
              "pass": true,
              "fail": false,
              "pending": false,
              "context": null,
              "code": "const student = { q1: 'a', q2: 'x' };\nconst correct = { q1: 'a', q2: 'b' };\nexpect(checkStudentKnowledge(student, correct)).to.be.false;",
              "err": {},
              "uuid": "ac208f8b-964d-4a90-b0d8-4328e054372c",
              "parentUUID": "404ad134-6d5c-4a2c-9b62-e500b9df6c9e",
              "isHook": false,
              "skipped": false
            },
            {
              "title": "should return false if keys are different",
              "fullTitle": "checkStudentKnowledge should return false if keys are different",
              "timedOut": false,
              "duration": 0,
              "state": "passed",
              "speed": "fast",
              "pass": true,
              "fail": false,
              "pending": false,
              "context": null,
              "code": "const student = { q1: 'a', q3: 'b' };\nconst correct = { q1: 'a', q2: 'b' };\nexpect(checkStudentKnowledge(student, correct)).to.be.false;",
              "err": {},
              "uuid": "91d9c785-d9c5-43e9-a044-25c4b1f160fb",
              "parentUUID": "404ad134-6d5c-4a2c-9b62-e500b9df6c9e",
              "isHook": false,
              "skipped": false
            }
          ],
          "suites": [],
          "passes": [
            "b4b190c4-a404-482b-b885-b67d0292bec2",
            "ac208f8b-964d-4a90-b0d8-4328e054372c",
            "91d9c785-d9c5-43e9-a044-25c4b1f160fb"
          ],
          "failures": [],
          "pending": [],
          "skipped": [],
          "duration": 1,
          "root": false,
          "rootEmpty": false,
          "_timeout": 2000
        },
        {
          "uuid": "5a9e2811-0328-4c75-a5a6-6341cb9cec65",
          "title": "User Utils",
          "fullFile": "C:\\Users\\iolan\\OneDrive\\testing2\\practice_unit\\test\\usersListUtils.test.js",
          "file": "\\test\\usersListUtils.test.js",
          "beforeHooks": [],
          "afterHooks": [],
          "tests": [],
          "suites": [
            {
              "uuid": "c302d867-606f-4ab3-948a-3d44da31c285",
              "title": "filterUsersByAge",
              "fullFile": "C:\\Users\\iolan\\OneDrive\\testing2\\practice_unit\\test\\usersListUtils.test.js",
              "file": "\\test\\usersListUtils.test.js",
              "beforeHooks": [],
              "afterHooks": [],
              "tests": [
                {
                  "title": "should filter users within the age range",
                  "fullTitle": "User Utils filterUsersByAge should filter users within the age range",
                  "timedOut": false,
                  "duration": 0,
                  "state": "passed",
                  "speed": "fast",
                  "pass": true,
                  "fail": false,
                  "pending": false,
                  "context": null,
                  "code": "const result = filterUsersByAge(users, 23, 32);\nexpect(result).to.deep.equal([\n  { id: 101, name: 'Sophia', age: 28, email: 'sophia@domain.com' },\n  { id: 103, name: 'Olivia', age: 24, email: 'olivia@domain.com' },\n  { id: 104, name: 'Ethan', age: 29, email: 'ethan@domain.com' }\n]);",
                  "err": {},
                  "uuid": "dc3623d9-f319-4e60-84dc-1e1f5ad36bf8",
                  "parentUUID": "c302d867-606f-4ab3-948a-3d44da31c285",
                  "isHook": false,
                  "skipped": false
                },
                {
                  "title": "should return an empty array if no users match",
                  "fullTitle": "User Utils filterUsersByAge should return an empty array if no users match",
                  "timedOut": false,
                  "duration": 0,
                  "state": "passed",
                  "speed": "fast",
                  "pass": true,
                  "fail": false,
                  "pending": false,
                  "context": null,
                  "code": "const result = filterUsersByAge(users, 40, 50);\nexpect(result).to.deep.equal([]);",
                  "err": {},
                  "uuid": "5a68aab3-08f3-46ef-a2c9-8eeff0dc8514",
                  "parentUUID": "c302d867-606f-4ab3-948a-3d44da31c285",
                  "isHook": false,
                  "skipped": false
                },
                {
                  "title": "should throw an error if users is not an array",
                  "fullTitle": "User Utils filterUsersByAge should throw an error if users is not an array",
                  "timedOut": false,
                  "duration": 0,
                  "state": "passed",
                  "speed": "fast",
                  "pass": true,
                  "fail": false,
                  "pending": false,
                  "context": null,
                  "code": "expect(() => filterUsersByAge(null, 20, 30)).to.throw('Users must be an array');",
                  "err": {},
                  "uuid": "1e535745-87fd-41ba-84a2-9c25681f84b6",
                  "parentUUID": "c302d867-606f-4ab3-948a-3d44da31c285",
                  "isHook": false,
                  "skipped": false
                }
              ],
              "suites": [],
              "passes": [
                "dc3623d9-f319-4e60-84dc-1e1f5ad36bf8",
                "5a68aab3-08f3-46ef-a2c9-8eeff0dc8514",
                "1e535745-87fd-41ba-84a2-9c25681f84b6"
              ],
              "failures": [],
              "pending": [],
              "skipped": [],
              "duration": 0,
              "root": false,
              "rootEmpty": false,
              "_timeout": 2000
            },
            {
              "uuid": "9521a450-6e6a-4219-b7f8-6351afc6b6cd",
              "title": "sortUsersByName",
              "fullFile": "C:\\Users\\iolan\\OneDrive\\testing2\\practice_unit\\test\\usersListUtils.test.js",
              "file": "\\test\\usersListUtils.test.js",
              "beforeHooks": [],
              "afterHooks": [],
              "tests": [
                {
                  "title": "should return users sorted by name alphabetically",
                  "fullTitle": "User Utils sortUsersByName should return users sorted by name alphabetically",
                  "timedOut": false,
                  "duration": 12,
                  "state": "passed",
                  "speed": "fast",
                  "pass": true,
                  "fail": false,
                  "pending": false,
                  "context": null,
                  "code": "const result = sortUsersByName(users);\nexpect(result.map(u => u.name)).to.deep.equal(['Ethan', 'Liam', 'Olivia', 'Sophia']);",
                  "err": {},
                  "uuid": "50894e5c-be66-4a33-943c-c615603ec686",
                  "parentUUID": "9521a450-6e6a-4219-b7f8-6351afc6b6cd",
                  "isHook": false,
                  "skipped": false
                },
                {
                  "title": "should not mutate the original array",
                  "fullTitle": "User Utils sortUsersByName should not mutate the original array",
                  "timedOut": false,
                  "duration": 0,
                  "state": "passed",
                  "speed": "fast",
                  "pass": true,
                  "fail": false,
                  "pending": false,
                  "context": null,
                  "code": "const original = [...users];\nsortUsersByName(users);\nexpect(users).to.deep.equal(original);",
                  "err": {},
                  "uuid": "f97e8e63-5847-4df0-9f20-c639acacfd30",
                  "parentUUID": "9521a450-6e6a-4219-b7f8-6351afc6b6cd",
                  "isHook": false,
                  "skipped": false
                },
                {
                  "title": "should throw an error if users is not an array",
                  "fullTitle": "User Utils sortUsersByName should throw an error if users is not an array",
                  "timedOut": false,
                  "duration": 0,
                  "state": "passed",
                  "speed": "fast",
                  "pass": true,
                  "fail": false,
                  "pending": false,
                  "context": null,
                  "code": "expect(() => sortUsersByName('not array')).to.throw('Users must be an array');",
                  "err": {},
                  "uuid": "bedf0c04-603a-484d-9e1e-981ba35d50aa",
                  "parentUUID": "9521a450-6e6a-4219-b7f8-6351afc6b6cd",
                  "isHook": false,
                  "skipped": false
                }
              ],
              "suites": [],
              "passes": [
                "50894e5c-be66-4a33-943c-c615603ec686",
                "f97e8e63-5847-4df0-9f20-c639acacfd30",
                "bedf0c04-603a-484d-9e1e-981ba35d50aa"
              ],
              "failures": [],
              "pending": [],
              "skipped": [],
              "duration": 12,
              "root": false,
              "rootEmpty": false,
              "_timeout": 2000
            },
            {
              "uuid": "07e7ab37-916c-4cba-8c9b-d8320f6c009e",
              "title": "findUserById",
              "fullFile": "C:\\Users\\iolan\\OneDrive\\testing2\\practice_unit\\test\\usersListUtils.test.js",
              "file": "\\test\\usersListUtils.test.js",
              "beforeHooks": [],
              "afterHooks": [],
              "tests": [
                {
                  "title": "should find and return the user by ID",
                  "fullTitle": "User Utils findUserById should find and return the user by ID",
                  "timedOut": false,
                  "duration": 0,
                  "state": "passed",
                  "speed": "fast",
                  "pass": true,
                  "fail": false,
                  "pending": false,
                  "context": null,
                  "code": "const result = findUserById(users, 103);\nexpect(result).to.deep.equal({ id: 103, name: 'Olivia', age: 24, email: 'olivia@domain.com' });",
                  "err": {},
                  "uuid": "bac60d43-7a20-47c6-87ff-c668c1ad6102",
                  "parentUUID": "07e7ab37-916c-4cba-8c9b-d8320f6c009e",
                  "isHook": false,
                  "skipped": false
                },
                {
                  "title": "should return null if user not found",
                  "fullTitle": "User Utils findUserById should return null if user not found",
                  "timedOut": false,
                  "duration": 1,
                  "state": "passed",
                  "speed": "fast",
                  "pass": true,
                  "fail": false,
                  "pending": false,
                  "context": null,
                  "code": "const result = findUserById(users, 999);\nexpect(result).to.be.null;",
                  "err": {},
                  "uuid": "53acdd32-95d0-4d32-9165-cc2539c8f34d",
                  "parentUUID": "07e7ab37-916c-4cba-8c9b-d8320f6c009e",
                  "isHook": false,
                  "skipped": false
                },
                {
                  "title": "should throw an error if users is not an array",
                  "fullTitle": "User Utils findUserById should throw an error if users is not an array",
                  "timedOut": false,
                  "duration": 0,
                  "state": "passed",
                  "speed": "fast",
                  "pass": true,
                  "fail": false,
                  "pending": false,
                  "context": null,
                  "code": "expect(() => findUserById({}, 1)).to.throw('Users must be an array');",
                  "err": {},
                  "uuid": "fb60a556-6fa6-4b03-8a1b-5b06081120a5",
                  "parentUUID": "07e7ab37-916c-4cba-8c9b-d8320f6c009e",
                  "isHook": false,
                  "skipped": false
                }
              ],
              "suites": [],
              "passes": [
                "bac60d43-7a20-47c6-87ff-c668c1ad6102",
                "53acdd32-95d0-4d32-9165-cc2539c8f34d",
                "fb60a556-6fa6-4b03-8a1b-5b06081120a5"
              ],
              "failures": [],
              "pending": [],
              "skipped": [],
              "duration": 1,
              "root": false,
              "rootEmpty": false,
              "_timeout": 2000
            },
            {
              "uuid": "6986de63-765d-4046-b2bf-ce923a2b753e",
              "title": "isEmailTaken",
              "fullFile": "C:\\Users\\iolan\\OneDrive\\testing2\\practice_unit\\test\\usersListUtils.test.js",
              "file": "\\test\\usersListUtils.test.js",
              "beforeHooks": [],
              "afterHooks": [],
              "tests": [
                {
                  "title": "should return true if email exists",
                  "fullTitle": "User Utils isEmailTaken should return true if email exists",
                  "timedOut": false,
                  "duration": 0,
                  "state": "passed",
                  "speed": "fast",
                  "pass": true,
                  "fail": false,
                  "pending": false,
                  "context": null,
                  "code": "expect(isEmailTaken(users, 'liam@domain.com')).to.be.true;",
                  "err": {},
                  "uuid": "b4e1e9a5-2ff5-4caa-a8e7-7c4ff4d5dfc9",
                  "parentUUID": "6986de63-765d-4046-b2bf-ce923a2b753e",
                  "isHook": false,
                  "skipped": false
                },
                {
                  "title": "should return false if email does not exist",
                  "fullTitle": "User Utils isEmailTaken should return false if email does not exist",
                  "timedOut": false,
                  "duration": 0,
                  "state": "passed",
                  "speed": "fast",
                  "pass": true,
                  "fail": false,
                  "pending": false,
                  "context": null,
                  "code": "expect(isEmailTaken(users, 'unknown@domain.com')).to.be.false;",
                  "err": {},
                  "uuid": "d67af7ed-5c07-44df-98bf-ea6abafd62dd",
                  "parentUUID": "6986de63-765d-4046-b2bf-ce923a2b753e",
                  "isHook": false,
                  "skipped": false
                },
                {
                  "title": "should throw an error if users is not an array",
                  "fullTitle": "User Utils isEmailTaken should throw an error if users is not an array",
                  "timedOut": false,
                  "duration": 1,
                  "state": "passed",
                  "speed": "fast",
                  "pass": true,
                  "fail": false,
                  "pending": false,
                  "context": null,
                  "code": "expect(() => isEmailTaken('not an array', 'test@test.com')).to.throw('Users must be an array');",
                  "err": {},
                  "uuid": "9f4317ab-d156-4cd0-9712-f16e2b19586c",
                  "parentUUID": "6986de63-765d-4046-b2bf-ce923a2b753e",
                  "isHook": false,
                  "skipped": false
                }
              ],
              "suites": [],
              "passes": [
                "b4e1e9a5-2ff5-4caa-a8e7-7c4ff4d5dfc9",
                "d67af7ed-5c07-44df-98bf-ea6abafd62dd",
                "9f4317ab-d156-4cd0-9712-f16e2b19586c"
              ],
              "failures": [],
              "pending": [],
              "skipped": [],
              "duration": 1,
              "root": false,
              "rootEmpty": false,
              "_timeout": 2000
            }
          ],
          "passes": [],
          "failures": [],
          "pending": [],
          "skipped": [],
          "duration": 0,
          "root": false,
          "rootEmpty": false,
          "_timeout": 2000
        }
      ],
      "passes": [],
      "failures": [],
      "pending": [],
      "skipped": [],
      "duration": 0,
      "root": true,
      "rootEmpty": true,
      "_timeout": 2000
    }
  ],
  "meta": {
    "mocha": {
      "version": "11.1.0"
    },
    "mochawesome": {
      "options": {
        "quiet": false,
        "reportFilename": "mochawesome",
        "saveHtml": true,
        "saveJson": true,
        "consoleReporter": "spec",
        "useInlineDiffs": false,
        "code": true
      },
      "version": "7.1.3"
    },
    "marge": {
      "options": null,
      "version": "6.2.0"
    }
  }
}