{
  "stats": {
    "suites": 19,
    "tests": 41,
    "passes": 41,
    "pending": 0,
    "failures": 0,
    "start": "2025-04-17T17:18:46.746Z",
    "end": "2025-04-17T17:18:46.874Z",
    "duration": 128,
    "testsRegistered": 41,
    "passPercent": 100,
    "pendingPercent": 0,
    "other": 0,
    "hasOther": false,
    "skipped": 0,
    "hasSkipped": false
  },
  "results": [
    {
      "uuid": "941e168b-1cb4-4884-9d4a-56a751018f2d",
      "title": "",
      "fullFile": "",
      "file": "",
      "beforeHooks": [],
      "afterHooks": [],
      "tests": [],
      "suites": [
        {
          "uuid": "56bdbf1d-4774-4ecd-885c-1109a095fbdb",
          "title": "Utility Functions",
          "fullFile": "C:\\Users\\iolan\\OneDrive\\testing\\practice_unit\\test\\arrayUtils.test.js",
          "file": "\\test\\arrayUtils.test.js",
          "beforeHooks": [],
          "afterHooks": [],
          "tests": [],
          "suites": [
            {
              "uuid": "c2dad1d0-8157-4c3a-a6fa-c8c9ff124da3",
              "title": "findMax",
              "fullFile": "C:\\Users\\iolan\\OneDrive\\testing\\practice_unit\\test\\arrayUtils.test.js",
              "file": "\\test\\arrayUtils.test.js",
              "beforeHooks": [],
              "afterHooks": [],
              "tests": [
                {
                  "title": "should return the maximum number in the array",
                  "fullTitle": "Utility Functions findMax should return the maximum number in the array",
                  "timedOut": false,
                  "duration": 2,
                  "state": "passed",
                  "speed": "fast",
                  "pass": true,
                  "fail": false,
                  "pending": false,
                  "context": null,
                  "code": "expect(findMax([1, 5, 3, 9, 2])).to.equal(9);",
                  "err": {},
                  "uuid": "25e5be39-a6f9-473c-a138-0b71029828a6",
                  "parentUUID": "c2dad1d0-8157-4c3a-a6fa-c8c9ff124da3",
                  "isHook": false,
                  "skipped": false
                },
                {
                  "title": "should throw an error if input is not an array",
                  "fullTitle": "Utility Functions findMax should throw an error if input is not an array",
                  "timedOut": false,
                  "duration": 2,
                  "state": "passed",
                  "speed": "fast",
                  "pass": true,
                  "fail": false,
                  "pending": false,
                  "context": null,
                  "code": "expect(() => findMax(\"not an array\")).to.throw(\"Input must be an array\");",
                  "err": {},
                  "uuid": "0cb4456d-b87d-4c35-93db-4835246c5973",
                  "parentUUID": "c2dad1d0-8157-4c3a-a6fa-c8c9ff124da3",
                  "isHook": false,
                  "skipped": false
                },
                {
                  "title": "should return -Infinity for an empty array",
                  "fullTitle": "Utility Functions findMax should return -Infinity for an empty array",
                  "timedOut": false,
                  "duration": 0,
                  "state": "passed",
                  "speed": "fast",
                  "pass": true,
                  "fail": false,
                  "pending": false,
                  "context": null,
                  "code": "expect(findMax([])).to.equal(-Infinity);",
                  "err": {},
                  "uuid": "6896bd67-798c-4e4d-86c3-13521ab3fe1d",
                  "parentUUID": "c2dad1d0-8157-4c3a-a6fa-c8c9ff124da3",
                  "isHook": false,
                  "skipped": false
                }
              ],
              "suites": [],
              "passes": [
                "25e5be39-a6f9-473c-a138-0b71029828a6",
                "0cb4456d-b87d-4c35-93db-4835246c5973",
                "6896bd67-798c-4e4d-86c3-13521ab3fe1d"
              ],
              "failures": [],
              "pending": [],
              "skipped": [],
              "duration": 4,
              "root": false,
              "rootEmpty": false,
              "_timeout": 2000
            },
            {
              "uuid": "014ef7c2-6817-4217-991e-e97d9b1532d3",
              "title": "findMin",
              "fullFile": "C:\\Users\\iolan\\OneDrive\\testing\\practice_unit\\test\\arrayUtils.test.js",
              "file": "\\test\\arrayUtils.test.js",
              "beforeHooks": [],
              "afterHooks": [],
              "tests": [
                {
                  "title": "should return the minimum number in the array",
                  "fullTitle": "Utility Functions findMin should return the minimum number in the array",
                  "timedOut": false,
                  "duration": 0,
                  "state": "passed",
                  "speed": "fast",
                  "pass": true,
                  "fail": false,
                  "pending": false,
                  "context": null,
                  "code": "expect(findMin([1, 5, 3, -2, 9])).to.equal(-2);",
                  "err": {},
                  "uuid": "ba8ff5e5-596c-415b-99db-18cd378439e9",
                  "parentUUID": "014ef7c2-6817-4217-991e-e97d9b1532d3",
                  "isHook": false,
                  "skipped": false
                },
                {
                  "title": "should throw an error if input is not an array",
                  "fullTitle": "Utility Functions findMin should throw an error if input is not an array",
                  "timedOut": false,
                  "duration": 1,
                  "state": "passed",
                  "speed": "fast",
                  "pass": true,
                  "fail": false,
                  "pending": false,
                  "context": null,
                  "code": "expect(() => findMin(null)).to.throw(\"Input must be an array\");",
                  "err": {},
                  "uuid": "4ff5a15f-7b08-4e56-ad1e-ed18e36e1386",
                  "parentUUID": "014ef7c2-6817-4217-991e-e97d9b1532d3",
                  "isHook": false,
                  "skipped": false
                },
                {
                  "title": "should return Infinity for an empty array",
                  "fullTitle": "Utility Functions findMin should return Infinity for an empty array",
                  "timedOut": false,
                  "duration": 0,
                  "state": "passed",
                  "speed": "fast",
                  "pass": true,
                  "fail": false,
                  "pending": false,
                  "context": null,
                  "code": "expect(findMin([])).to.equal(Infinity);",
                  "err": {},
                  "uuid": "e02ecc27-cd43-46bf-82d4-516149463fd5",
                  "parentUUID": "014ef7c2-6817-4217-991e-e97d9b1532d3",
                  "isHook": false,
                  "skipped": false
                }
              ],
              "suites": [],
              "passes": [
                "ba8ff5e5-596c-415b-99db-18cd378439e9",
                "4ff5a15f-7b08-4e56-ad1e-ed18e36e1386",
                "e02ecc27-cd43-46bf-82d4-516149463fd5"
              ],
              "failures": [],
              "pending": [],
              "skipped": [],
              "duration": 1,
              "root": false,
              "rootEmpty": false,
              "_timeout": 2000
            },
            {
              "uuid": "65f9642d-1eea-4e5d-986c-1a25fc3a7fc2",
              "title": "removeDuplicates",
              "fullFile": "C:\\Users\\iolan\\OneDrive\\testing\\practice_unit\\test\\arrayUtils.test.js",
              "file": "\\test\\arrayUtils.test.js",
              "beforeHooks": [],
              "afterHooks": [],
              "tests": [
                {
                  "title": "should remove duplicate elements from an array",
                  "fullTitle": "Utility Functions removeDuplicates should remove duplicate elements from an array",
                  "timedOut": false,
                  "duration": 2,
                  "state": "passed",
                  "speed": "fast",
                  "pass": true,
                  "fail": false,
                  "pending": false,
                  "context": null,
                  "code": "expect(removeDuplicates([1, 2, 2, 3, 4, 4, 5])).to.deep.equal([1, 2, 3, 4, 5]);",
                  "err": {},
                  "uuid": "32808e79-cdbd-487c-88e3-0eee57c0fb30",
                  "parentUUID": "65f9642d-1eea-4e5d-986c-1a25fc3a7fc2",
                  "isHook": false,
                  "skipped": false
                },
                {
                  "title": "should handle an array with all unique values",
                  "fullTitle": "Utility Functions removeDuplicates should handle an array with all unique values",
                  "timedOut": false,
                  "duration": 1,
                  "state": "passed",
                  "speed": "fast",
                  "pass": true,
                  "fail": false,
                  "pending": false,
                  "context": null,
                  "code": "expect(removeDuplicates([1, 2, 3])).to.deep.equal([1, 2, 3]);",
                  "err": {},
                  "uuid": "cfed7137-0a79-4afc-901b-7d08e7ccdbe9",
                  "parentUUID": "65f9642d-1eea-4e5d-986c-1a25fc3a7fc2",
                  "isHook": false,
                  "skipped": false
                },
                {
                  "title": "should return an empty array when given an empty array",
                  "fullTitle": "Utility Functions removeDuplicates should return an empty array when given an empty array",
                  "timedOut": false,
                  "duration": 0,
                  "state": "passed",
                  "speed": "fast",
                  "pass": true,
                  "fail": false,
                  "pending": false,
                  "context": null,
                  "code": "expect(removeDuplicates([])).to.deep.equal([]);",
                  "err": {},
                  "uuid": "cf83399d-f43c-4502-b4b7-04258ea9666f",
                  "parentUUID": "65f9642d-1eea-4e5d-986c-1a25fc3a7fc2",
                  "isHook": false,
                  "skipped": false
                },
                {
                  "title": "should throw an error if input is not an array",
                  "fullTitle": "Utility Functions removeDuplicates should throw an error if input is not an array",
                  "timedOut": false,
                  "duration": 0,
                  "state": "passed",
                  "speed": "fast",
                  "pass": true,
                  "fail": false,
                  "pending": false,
                  "context": null,
                  "code": "expect(() => removeDuplicates(123)).to.throw(\"Input must be an array\");",
                  "err": {},
                  "uuid": "89e4b2fe-d4e3-482d-b865-2ec9d39f5ab8",
                  "parentUUID": "65f9642d-1eea-4e5d-986c-1a25fc3a7fc2",
                  "isHook": false,
                  "skipped": false
                }
              ],
              "suites": [],
              "passes": [
                "32808e79-cdbd-487c-88e3-0eee57c0fb30",
                "cfed7137-0a79-4afc-901b-7d08e7ccdbe9",
                "cf83399d-f43c-4502-b4b7-04258ea9666f",
                "89e4b2fe-d4e3-482d-b865-2ec9d39f5ab8"
              ],
              "failures": [],
              "pending": [],
              "skipped": [],
              "duration": 3,
              "root": false,
              "rootEmpty": false,
              "_timeout": 2000
            }
          ],
          "passes": [],
          "failures": [],
          "pending": [],
          "skipped": [],
          "duration": 0,
          "root": false,
          "rootEmpty": false,
          "_timeout": 2000
        },
        {
          "uuid": "041a9259-999a-42b3-8e00-2375b83aa1ba",
          "title": "Math Functions",
          "fullFile": "C:\\Users\\iolan\\OneDrive\\testing\\practice_unit\\test\\mathUtils.test.js",
          "file": "\\test\\mathUtils.test.js",
          "beforeHooks": [],
          "afterHooks": [],
          "tests": [],
          "suites": [
            {
              "uuid": "8dc1a069-aaf8-4fc1-a17f-43ed98843552",
              "title": "add",
              "fullFile": "C:\\Users\\iolan\\OneDrive\\testing\\practice_unit\\test\\mathUtils.test.js",
              "file": "\\test\\mathUtils.test.js",
              "beforeHooks": [],
              "afterHooks": [],
              "tests": [
                {
                  "title": "should return the sum of two numbers",
                  "fullTitle": "Math Functions add should return the sum of two numbers",
                  "timedOut": false,
                  "duration": 0,
                  "state": "passed",
                  "speed": "fast",
                  "pass": true,
                  "fail": false,
                  "pending": false,
                  "context": null,
                  "code": "expect(add(2, 3)).to.equal(5);\nexpect(add(-2, 3)).to.equal(1);\nexpect(add(0, 0)).to.equal(0);",
                  "err": {},
                  "uuid": "91543868-c2b0-43ee-ab0b-2ce71eb47d9d",
                  "parentUUID": "8dc1a069-aaf8-4fc1-a17f-43ed98843552",
                  "isHook": false,
                  "skipped": false
                }
              ],
              "suites": [],
              "passes": [
                "91543868-c2b0-43ee-ab0b-2ce71eb47d9d"
              ],
              "failures": [],
              "pending": [],
              "skipped": [],
              "duration": 0,
              "root": false,
              "rootEmpty": false,
              "_timeout": 2000
            },
            {
              "uuid": "2fcbfde4-f8f0-4a98-8acb-fa27c29bbfc6",
              "title": "subtract",
              "fullFile": "C:\\Users\\iolan\\OneDrive\\testing\\practice_unit\\test\\mathUtils.test.js",
              "file": "\\test\\mathUtils.test.js",
              "beforeHooks": [],
              "afterHooks": [],
              "tests": [
                {
                  "title": "should return the difference of two numbers",
                  "fullTitle": "Math Functions subtract should return the difference of two numbers",
                  "timedOut": false,
                  "duration": 1,
                  "state": "passed",
                  "speed": "fast",
                  "pass": true,
                  "fail": false,
                  "pending": false,
                  "context": null,
                  "code": "expect(subtract(5, 3)).to.equal(2);\nexpect(subtract(3, 5)).to.equal(-2);\nexpect(subtract(0, 0)).to.equal(0);",
                  "err": {},
                  "uuid": "22a0b816-11da-4922-91b2-1cbab6ae8756",
                  "parentUUID": "2fcbfde4-f8f0-4a98-8acb-fa27c29bbfc6",
                  "isHook": false,
                  "skipped": false
                }
              ],
              "suites": [],
              "passes": [
                "22a0b816-11da-4922-91b2-1cbab6ae8756"
              ],
              "failures": [],
              "pending": [],
              "skipped": [],
              "duration": 1,
              "root": false,
              "rootEmpty": false,
              "_timeout": 2000
            },
            {
              "uuid": "822369b2-5b39-498e-a08e-2f48573e8ddd",
              "title": "multiply",
              "fullFile": "C:\\Users\\iolan\\OneDrive\\testing\\practice_unit\\test\\mathUtils.test.js",
              "file": "\\test\\mathUtils.test.js",
              "beforeHooks": [],
              "afterHooks": [],
              "tests": [
                {
                  "title": "should return the product of two numbers",
                  "fullTitle": "Math Functions multiply should return the product of two numbers",
                  "timedOut": false,
                  "duration": 0,
                  "state": "passed",
                  "speed": "fast",
                  "pass": true,
                  "fail": false,
                  "pending": false,
                  "context": null,
                  "code": "expect(multiply(4, 3)).to.equal(12);\nexpect(multiply(-2, 3)).to.equal(-6);\nexpect(multiply(0, 5)).to.equal(0);",
                  "err": {},
                  "uuid": "a6f20a7b-4de3-40f7-b912-c88208558418",
                  "parentUUID": "822369b2-5b39-498e-a08e-2f48573e8ddd",
                  "isHook": false,
                  "skipped": false
                }
              ],
              "suites": [],
              "passes": [
                "a6f20a7b-4de3-40f7-b912-c88208558418"
              ],
              "failures": [],
              "pending": [],
              "skipped": [],
              "duration": 0,
              "root": false,
              "rootEmpty": false,
              "_timeout": 2000
            },
            {
              "uuid": "056adfd3-5e51-40ed-9efe-fc6dbead110b",
              "title": "divide",
              "fullFile": "C:\\Users\\iolan\\OneDrive\\testing\\practice_unit\\test\\mathUtils.test.js",
              "file": "\\test\\mathUtils.test.js",
              "beforeHooks": [],
              "afterHooks": [],
              "tests": [
                {
                  "title": "should return the quotient of two numbers",
                  "fullTitle": "Math Functions divide should return the quotient of two numbers",
                  "timedOut": false,
                  "duration": 0,
                  "state": "passed",
                  "speed": "fast",
                  "pass": true,
                  "fail": false,
                  "pending": false,
                  "context": null,
                  "code": "expect(divide(6, 3)).to.equal(2);\nexpect(divide(-6, 2)).to.equal(-3);",
                  "err": {},
                  "uuid": "3bd74c90-a892-4d6b-be20-0a73de1cb61c",
                  "parentUUID": "056adfd3-5e51-40ed-9efe-fc6dbead110b",
                  "isHook": false,
                  "skipped": false
                },
                {
                  "title": "should throw an error when dividing by zero",
                  "fullTitle": "Math Functions divide should throw an error when dividing by zero",
                  "timedOut": false,
                  "duration": 0,
                  "state": "passed",
                  "speed": "fast",
                  "pass": true,
                  "fail": false,
                  "pending": false,
                  "context": null,
                  "code": "expect(() => divide(5, 0)).to.throw(\"Cannot divide by zero\");",
                  "err": {},
                  "uuid": "c7413caa-f142-4883-9dad-1d1bd776957a",
                  "parentUUID": "056adfd3-5e51-40ed-9efe-fc6dbead110b",
                  "isHook": false,
                  "skipped": false
                }
              ],
              "suites": [],
              "passes": [
                "3bd74c90-a892-4d6b-be20-0a73de1cb61c",
                "c7413caa-f142-4883-9dad-1d1bd776957a"
              ],
              "failures": [],
              "pending": [],
              "skipped": [],
              "duration": 0,
              "root": false,
              "rootEmpty": false,
              "_timeout": 2000
            }
          ],
          "passes": [],
          "failures": [],
          "pending": [],
          "skipped": [],
          "duration": 0,
          "root": false,
          "rootEmpty": false,
          "_timeout": 2000
        },
        {
          "uuid": "315cf8f6-5ca7-4d26-9ef1-29da4313d133",
          "title": "String Utilities",
          "fullFile": "C:\\Users\\iolan\\OneDrive\\testing\\practice_unit\\test\\stringUtils.test.js",
          "file": "\\test\\stringUtils.test.js",
          "beforeHooks": [],
          "afterHooks": [],
          "tests": [],
          "suites": [
            {
              "uuid": "25efd02a-8773-45a4-a13f-57d704909331",
              "title": "capitalize",
              "fullFile": "C:\\Users\\iolan\\OneDrive\\testing\\practice_unit\\test\\stringUtils.test.js",
              "file": "\\test\\stringUtils.test.js",
              "beforeHooks": [],
              "afterHooks": [],
              "tests": [
                {
                  "title": "should capitalize the first letter of a string",
                  "fullTitle": "String Utilities capitalize should capitalize the first letter of a string",
                  "timedOut": false,
                  "duration": 0,
                  "state": "passed",
                  "speed": "fast",
                  "pass": true,
                  "fail": false,
                  "pending": false,
                  "context": null,
                  "code": "expect(capitalize('hello')).to.equal('Hello');\nexpect(capitalize('world')).to.equal('World');",
                  "err": {},
                  "uuid": "706a3c37-9628-4145-9f45-66f920eee567",
                  "parentUUID": "25efd02a-8773-45a4-a13f-57d704909331",
                  "isHook": false,
                  "skipped": false
                },
                {
                  "title": "should not change an already capitalized string",
                  "fullTitle": "String Utilities capitalize should not change an already capitalized string",
                  "timedOut": false,
                  "duration": 0,
                  "state": "passed",
                  "speed": "fast",
                  "pass": true,
                  "fail": false,
                  "pending": false,
                  "context": null,
                  "code": "expect(capitalize('Hello')).to.equal('Hello');",
                  "err": {},
                  "uuid": "7fc2a925-0b69-40e6-af52-2fc19b2200e2",
                  "parentUUID": "25efd02a-8773-45a4-a13f-57d704909331",
                  "isHook": false,
                  "skipped": false
                },
                {
                  "title": "should return an empty string when given an empty string",
                  "fullTitle": "String Utilities capitalize should return an empty string when given an empty string",
                  "timedOut": false,
                  "duration": 1,
                  "state": "passed",
                  "speed": "fast",
                  "pass": true,
                  "fail": false,
                  "pending": false,
                  "context": null,
                  "code": "expect(capitalize('')).to.equal('');",
                  "err": {},
                  "uuid": "c8356d0d-2673-450d-8d3b-9803e71fcb3a",
                  "parentUUID": "25efd02a-8773-45a4-a13f-57d704909331",
                  "isHook": false,
                  "skipped": false
                },
                {
                  "title": "should throw an error if input is not a string",
                  "fullTitle": "String Utilities capitalize should throw an error if input is not a string",
                  "timedOut": false,
                  "duration": 1,
                  "state": "passed",
                  "speed": "fast",
                  "pass": true,
                  "fail": false,
                  "pending": false,
                  "context": null,
                  "code": "expect(() => capitalize(123)).to.throw(\"Input must be a string\");",
                  "err": {},
                  "uuid": "6c7306a6-8f07-45b1-ae96-91620cffcfb6",
                  "parentUUID": "25efd02a-8773-45a4-a13f-57d704909331",
                  "isHook": false,
                  "skipped": false
                }
              ],
              "suites": [],
              "passes": [
                "706a3c37-9628-4145-9f45-66f920eee567",
                "7fc2a925-0b69-40e6-af52-2fc19b2200e2",
                "c8356d0d-2673-450d-8d3b-9803e71fcb3a",
                "6c7306a6-8f07-45b1-ae96-91620cffcfb6"
              ],
              "failures": [],
              "pending": [],
              "skipped": [],
              "duration": 2,
              "root": false,
              "rootEmpty": false,
              "_timeout": 2000
            },
            {
              "uuid": "9f1b1b6e-4168-47cd-92b5-905216a2a977",
              "title": "reverseString",
              "fullFile": "C:\\Users\\iolan\\OneDrive\\testing\\practice_unit\\test\\stringUtils.test.js",
              "file": "\\test\\stringUtils.test.js",
              "beforeHooks": [],
              "afterHooks": [],
              "tests": [
                {
                  "title": "should reverse the string",
                  "fullTitle": "String Utilities reverseString should reverse the string",
                  "timedOut": false,
                  "duration": 1,
                  "state": "passed",
                  "speed": "fast",
                  "pass": true,
                  "fail": false,
                  "pending": false,
                  "context": null,
                  "code": "expect(reverseString('hello')).to.equal('olleh');\nexpect(reverseString('abc')).to.equal('cba');",
                  "err": {},
                  "uuid": "84e4b519-c447-4733-b213-988d4f4e6e3c",
                  "parentUUID": "9f1b1b6e-4168-47cd-92b5-905216a2a977",
                  "isHook": false,
                  "skipped": false
                },
                {
                  "title": "should return an empty string when given an empty string",
                  "fullTitle": "String Utilities reverseString should return an empty string when given an empty string",
                  "timedOut": false,
                  "duration": 0,
                  "state": "passed",
                  "speed": "fast",
                  "pass": true,
                  "fail": false,
                  "pending": false,
                  "context": null,
                  "code": "expect(reverseString('')).to.equal('');",
                  "err": {},
                  "uuid": "1ce9ad6c-de38-442c-8c42-1107fdd36109",
                  "parentUUID": "9f1b1b6e-4168-47cd-92b5-905216a2a977",
                  "isHook": false,
                  "skipped": false
                },
                {
                  "title": "should throw an error if input is not a string",
                  "fullTitle": "String Utilities reverseString should throw an error if input is not a string",
                  "timedOut": false,
                  "duration": 0,
                  "state": "passed",
                  "speed": "fast",
                  "pass": true,
                  "fail": false,
                  "pending": false,
                  "context": null,
                  "code": "expect(() => reverseString(null)).to.throw(\"Input must be a string\");",
                  "err": {},
                  "uuid": "545ace22-6459-40bb-9852-fe055e2f1269",
                  "parentUUID": "9f1b1b6e-4168-47cd-92b5-905216a2a977",
                  "isHook": false,
                  "skipped": false
                }
              ],
              "suites": [],
              "passes": [
                "84e4b519-c447-4733-b213-988d4f4e6e3c",
                "1ce9ad6c-de38-442c-8c42-1107fdd36109",
                "545ace22-6459-40bb-9852-fe055e2f1269"
              ],
              "failures": [],
              "pending": [],
              "skipped": [],
              "duration": 1,
              "root": false,
              "rootEmpty": false,
              "_timeout": 2000
            },
            {
              "uuid": "6fc0158d-4f32-4926-9ba0-070b188771dc",
              "title": "isPalindrome",
              "fullFile": "C:\\Users\\iolan\\OneDrive\\testing\\practice_unit\\test\\stringUtils.test.js",
              "file": "\\test\\stringUtils.test.js",
              "beforeHooks": [],
              "afterHooks": [],
              "tests": [
                {
                  "title": "should return true for palindromes",
                  "fullTitle": "String Utilities isPalindrome should return true for palindromes",
                  "timedOut": false,
                  "duration": 1,
                  "state": "passed",
                  "speed": "fast",
                  "pass": true,
                  "fail": false,
                  "pending": false,
                  "context": null,
                  "code": "expect(isPalindrome('mom')).to.be.true;\nexpect(isPalindrome('racecar')).to.be.true;\nexpect(isPalindrome('')).to.be.true; // empty string is a valid palindrome",
                  "err": {},
                  "uuid": "c788c22e-d49d-46d8-acee-70e8e128140d",
                  "parentUUID": "6fc0158d-4f32-4926-9ba0-070b188771dc",
                  "isHook": false,
                  "skipped": false
                },
                {
                  "title": "should return false for non-palindromes",
                  "fullTitle": "String Utilities isPalindrome should return false for non-palindromes",
                  "timedOut": false,
                  "duration": 1,
                  "state": "passed",
                  "speed": "fast",
                  "pass": true,
                  "fail": false,
                  "pending": false,
                  "context": null,
                  "code": "expect(isPalindrome('hello')).to.be.false;\nexpect(isPalindrome('world')).to.be.false;",
                  "err": {},
                  "uuid": "30146cd4-958d-4e4e-9b59-2d4dd4bc6e2d",
                  "parentUUID": "6fc0158d-4f32-4926-9ba0-070b188771dc",
                  "isHook": false,
                  "skipped": false
                },
                {
                  "title": "should be case-sensitive",
                  "fullTitle": "String Utilities isPalindrome should be case-sensitive",
                  "timedOut": false,
                  "duration": 1,
                  "state": "passed",
                  "speed": "fast",
                  "pass": true,
                  "fail": false,
                  "pending": false,
                  "context": null,
                  "code": "expect(isPalindrome('Mom')).to.be.false;",
                  "err": {},
                  "uuid": "c56de578-6b4e-4638-9909-61c605aae152",
                  "parentUUID": "6fc0158d-4f32-4926-9ba0-070b188771dc",
                  "isHook": false,
                  "skipped": false
                },
                {
                  "title": "should throw an error if input is not a string",
                  "fullTitle": "String Utilities isPalindrome should throw an error if input is not a string",
                  "timedOut": false,
                  "duration": 2,
                  "state": "passed",
                  "speed": "fast",
                  "pass": true,
                  "fail": false,
                  "pending": false,
                  "context": null,
                  "code": "expect(() => isPalindrome({})).to.throw(\"Input must be a string\");",
                  "err": {},
                  "uuid": "de82bcfb-4459-4a11-9e35-013bc7f69e68",
                  "parentUUID": "6fc0158d-4f32-4926-9ba0-070b188771dc",
                  "isHook": false,
                  "skipped": false
                }
              ],
              "suites": [],
              "passes": [
                "c788c22e-d49d-46d8-acee-70e8e128140d",
                "30146cd4-958d-4e4e-9b59-2d4dd4bc6e2d",
                "c56de578-6b4e-4638-9909-61c605aae152",
                "de82bcfb-4459-4a11-9e35-013bc7f69e68"
              ],
              "failures": [],
              "pending": [],
              "skipped": [],
              "duration": 5,
              "root": false,
              "rootEmpty": false,
              "_timeout": 2000
            }
          ],
          "passes": [],
          "failures": [],
          "pending": [],
          "skipped": [],
          "duration": 0,
          "root": false,
          "rootEmpty": false,
          "_timeout": 2000
        },
        {
          "uuid": "39e7a4b3-a1eb-4c41-8b75-1af7bd726a98",
          "title": "checkStudentKnowledge",
          "fullFile": "C:\\Users\\iolan\\OneDrive\\testing\\practice_unit\\test\\studentKnowledgeCheckerUtil.test.js",
          "file": "\\test\\studentKnowledgeCheckerUtil.test.js",
          "beforeHooks": [],
          "afterHooks": [],
          "tests": [
            {
              "title": "should return true if all answers are correct",
              "fullTitle": "checkStudentKnowledge should return true if all answers are correct",
              "timedOut": false,
              "duration": 0,
              "state": "passed",
              "speed": "fast",
              "pass": true,
              "fail": false,
              "pending": false,
              "context": null,
              "code": "const student = { q1: 'a', q2: 'b' };\nconst correct = { q1: 'a', q2: 'b' };\nexpect(checkStudentKnowledge(student, correct)).to.be.true;",
              "err": {},
              "uuid": "465ca3fa-1a0a-491b-9b1f-0885a0dc5853",
              "parentUUID": "39e7a4b3-a1eb-4c41-8b75-1af7bd726a98",
              "isHook": false,
              "skipped": false
            },
            {
              "title": "should return false if answers are incorrect",
              "fullTitle": "checkStudentKnowledge should return false if answers are incorrect",
              "timedOut": false,
              "duration": 0,
              "state": "passed",
              "speed": "fast",
              "pass": true,
              "fail": false,
              "pending": false,
              "context": null,
              "code": "const student = { q1: 'a', q2: 'x' };\nconst correct = { q1: 'a', q2: 'b' };\nexpect(checkStudentKnowledge(student, correct)).to.be.false;",
              "err": {},
              "uuid": "cbdb00d1-96cd-4dbc-a232-8be7a74fd6ad",
              "parentUUID": "39e7a4b3-a1eb-4c41-8b75-1af7bd726a98",
              "isHook": false,
              "skipped": false
            },
            {
              "title": "should return false if keys are different",
              "fullTitle": "checkStudentKnowledge should return false if keys are different",
              "timedOut": false,
              "duration": 1,
              "state": "passed",
              "speed": "fast",
              "pass": true,
              "fail": false,
              "pending": false,
              "context": null,
              "code": "const student = { q1: 'a', q3: 'b' };\nconst correct = { q1: 'a', q2: 'b' };\nexpect(checkStudentKnowledge(student, correct)).to.be.false;",
              "err": {},
              "uuid": "048cfb32-0a7d-4a25-af93-51b34a7ebe56",
              "parentUUID": "39e7a4b3-a1eb-4c41-8b75-1af7bd726a98",
              "isHook": false,
              "skipped": false
            }
          ],
          "suites": [],
          "passes": [
            "465ca3fa-1a0a-491b-9b1f-0885a0dc5853",
            "cbdb00d1-96cd-4dbc-a232-8be7a74fd6ad",
            "048cfb32-0a7d-4a25-af93-51b34a7ebe56"
          ],
          "failures": [],
          "pending": [],
          "skipped": [],
          "duration": 1,
          "root": false,
          "rootEmpty": false,
          "_timeout": 2000
        },
        {
          "uuid": "10a38395-3f61-4ac1-836a-05f554a078ec",
          "title": "User Utils",
          "fullFile": "C:\\Users\\iolan\\OneDrive\\testing\\practice_unit\\test\\usersListUtils.test.js",
          "file": "\\test\\usersListUtils.test.js",
          "beforeHooks": [],
          "afterHooks": [],
          "tests": [],
          "suites": [
            {
              "uuid": "eb2ddf79-ae64-4853-b191-49303aa2c39c",
              "title": "filterUsersByAge",
              "fullFile": "C:\\Users\\iolan\\OneDrive\\testing\\practice_unit\\test\\usersListUtils.test.js",
              "file": "\\test\\usersListUtils.test.js",
              "beforeHooks": [],
              "afterHooks": [],
              "tests": [
                {
                  "title": "should filter users within the age range",
                  "fullTitle": "User Utils filterUsersByAge should filter users within the age range",
                  "timedOut": false,
                  "duration": 1,
                  "state": "passed",
                  "speed": "fast",
                  "pass": true,
                  "fail": false,
                  "pending": false,
                  "context": null,
                  "code": "const result = filterUsersByAge(users, 23, 32);\nexpect(result).to.deep.equal([\n  { id: 101, name: 'Sophia', age: 28, email: 'sophia@domain.com' },\n  { id: 103, name: 'Olivia', age: 24, email: 'olivia@domain.com' },\n  { id: 104, name: 'Ethan', age: 29, email: 'ethan@domain.com' }\n]);",
                  "err": {},
                  "uuid": "430dc401-5699-4839-bf85-1b238e47254d",
                  "parentUUID": "eb2ddf79-ae64-4853-b191-49303aa2c39c",
                  "isHook": false,
                  "skipped": false
                },
                {
                  "title": "should return an empty array if no users match",
                  "fullTitle": "User Utils filterUsersByAge should return an empty array if no users match",
                  "timedOut": false,
                  "duration": 1,
                  "state": "passed",
                  "speed": "fast",
                  "pass": true,
                  "fail": false,
                  "pending": false,
                  "context": null,
                  "code": "const result = filterUsersByAge(users, 40, 50);\nexpect(result).to.deep.equal([]);",
                  "err": {},
                  "uuid": "4439548a-9402-49f6-9f86-61ac8b56ea67",
                  "parentUUID": "eb2ddf79-ae64-4853-b191-49303aa2c39c",
                  "isHook": false,
                  "skipped": false
                },
                {
                  "title": "should throw an error if users is not an array",
                  "fullTitle": "User Utils filterUsersByAge should throw an error if users is not an array",
                  "timedOut": false,
                  "duration": 1,
                  "state": "passed",
                  "speed": "fast",
                  "pass": true,
                  "fail": false,
                  "pending": false,
                  "context": null,
                  "code": "expect(() => filterUsersByAge(null, 20, 30)).to.throw('Users must be an array');",
                  "err": {},
                  "uuid": "e90c998b-b478-4401-a4ec-c1c1df93c3ac",
                  "parentUUID": "eb2ddf79-ae64-4853-b191-49303aa2c39c",
                  "isHook": false,
                  "skipped": false
                }
              ],
              "suites": [],
              "passes": [
                "430dc401-5699-4839-bf85-1b238e47254d",
                "4439548a-9402-49f6-9f86-61ac8b56ea67",
                "e90c998b-b478-4401-a4ec-c1c1df93c3ac"
              ],
              "failures": [],
              "pending": [],
              "skipped": [],
              "duration": 3,
              "root": false,
              "rootEmpty": false,
              "_timeout": 2000
            },
            {
              "uuid": "62a4a049-fc4c-425e-814e-31be2f67342a",
              "title": "sortUsersByName",
              "fullFile": "C:\\Users\\iolan\\OneDrive\\testing\\practice_unit\\test\\usersListUtils.test.js",
              "file": "\\test\\usersListUtils.test.js",
              "beforeHooks": [],
              "afterHooks": [],
              "tests": [
                {
                  "title": "should return users sorted by name alphabetically",
                  "fullTitle": "User Utils sortUsersByName should return users sorted by name alphabetically",
                  "timedOut": false,
                  "duration": 21,
                  "state": "passed",
                  "speed": "fast",
                  "pass": true,
                  "fail": false,
                  "pending": false,
                  "context": null,
                  "code": "const result = sortUsersByName(users);\nexpect(result.map(u => u.name)).to.deep.equal(['Ethan', 'Liam', 'Olivia', 'Sophia']);",
                  "err": {},
                  "uuid": "387262de-6fcb-4bb1-aa7c-4f481d6f7f96",
                  "parentUUID": "62a4a049-fc4c-425e-814e-31be2f67342a",
                  "isHook": false,
                  "skipped": false
                },
                {
                  "title": "should not mutate the original array",
                  "fullTitle": "User Utils sortUsersByName should not mutate the original array",
                  "timedOut": false,
                  "duration": 1,
                  "state": "passed",
                  "speed": "fast",
                  "pass": true,
                  "fail": false,
                  "pending": false,
                  "context": null,
                  "code": "const original = [...users];\nsortUsersByName(users);\nexpect(users).to.deep.equal(original);",
                  "err": {},
                  "uuid": "0b07f2ab-199c-4893-b2e9-3522b1040370",
                  "parentUUID": "62a4a049-fc4c-425e-814e-31be2f67342a",
                  "isHook": false,
                  "skipped": false
                },
                {
                  "title": "should throw an error if users is not an array",
                  "fullTitle": "User Utils sortUsersByName should throw an error if users is not an array",
                  "timedOut": false,
                  "duration": 0,
                  "state": "passed",
                  "speed": "fast",
                  "pass": true,
                  "fail": false,
                  "pending": false,
                  "context": null,
                  "code": "expect(() => sortUsersByName('not array')).to.throw('Users must be an array');",
                  "err": {},
                  "uuid": "7466e882-e355-4cf4-a2b5-afbff09c5ec1",
                  "parentUUID": "62a4a049-fc4c-425e-814e-31be2f67342a",
                  "isHook": false,
                  "skipped": false
                }
              ],
              "suites": [],
              "passes": [
                "387262de-6fcb-4bb1-aa7c-4f481d6f7f96",
                "0b07f2ab-199c-4893-b2e9-3522b1040370",
                "7466e882-e355-4cf4-a2b5-afbff09c5ec1"
              ],
              "failures": [],
              "pending": [],
              "skipped": [],
              "duration": 22,
              "root": false,
              "rootEmpty": false,
              "_timeout": 2000
            },
            {
              "uuid": "7076c99a-642c-4af8-889b-bdbf5850cd5e",
              "title": "findUserById",
              "fullFile": "C:\\Users\\iolan\\OneDrive\\testing\\practice_unit\\test\\usersListUtils.test.js",
              "file": "\\test\\usersListUtils.test.js",
              "beforeHooks": [],
              "afterHooks": [],
              "tests": [
                {
                  "title": "should find and return the user by ID",
                  "fullTitle": "User Utils findUserById should find and return the user by ID",
                  "timedOut": false,
                  "duration": 0,
                  "state": "passed",
                  "speed": "fast",
                  "pass": true,
                  "fail": false,
                  "pending": false,
                  "context": null,
                  "code": "const result = findUserById(users, 103);\nexpect(result).to.deep.equal({ id: 103, name: 'Olivia', age: 24, email: 'olivia@domain.com' });",
                  "err": {},
                  "uuid": "1a331cb1-e1fa-4ed2-85f3-01d49beaf037",
                  "parentUUID": "7076c99a-642c-4af8-889b-bdbf5850cd5e",
                  "isHook": false,
                  "skipped": false
                },
                {
                  "title": "should return null if user not found",
                  "fullTitle": "User Utils findUserById should return null if user not found",
                  "timedOut": false,
                  "duration": 1,
                  "state": "passed",
                  "speed": "fast",
                  "pass": true,
                  "fail": false,
                  "pending": false,
                  "context": null,
                  "code": "const result = findUserById(users, 999);\nexpect(result).to.be.null;",
                  "err": {},
                  "uuid": "d822e8e6-bd1a-44b8-aea1-ccaf27846421",
                  "parentUUID": "7076c99a-642c-4af8-889b-bdbf5850cd5e",
                  "isHook": false,
                  "skipped": false
                },
                {
                  "title": "should throw an error if users is not an array",
                  "fullTitle": "User Utils findUserById should throw an error if users is not an array",
                  "timedOut": false,
                  "duration": 0,
                  "state": "passed",
                  "speed": "fast",
                  "pass": true,
                  "fail": false,
                  "pending": false,
                  "context": null,
                  "code": "expect(() => findUserById({}, 1)).to.throw('Users must be an array');",
                  "err": {},
                  "uuid": "fa4e6c16-91a8-496f-9bac-eb33ce0eab56",
                  "parentUUID": "7076c99a-642c-4af8-889b-bdbf5850cd5e",
                  "isHook": false,
                  "skipped": false
                }
              ],
              "suites": [],
              "passes": [
                "1a331cb1-e1fa-4ed2-85f3-01d49beaf037",
                "d822e8e6-bd1a-44b8-aea1-ccaf27846421",
                "fa4e6c16-91a8-496f-9bac-eb33ce0eab56"
              ],
              "failures": [],
              "pending": [],
              "skipped": [],
              "duration": 1,
              "root": false,
              "rootEmpty": false,
              "_timeout": 2000
            },
            {
              "uuid": "aa1186d3-c29e-45db-8bba-5dcb0a7d33ae",
              "title": "isEmailTaken",
              "fullFile": "C:\\Users\\iolan\\OneDrive\\testing\\practice_unit\\test\\usersListUtils.test.js",
              "file": "\\test\\usersListUtils.test.js",
              "beforeHooks": [],
              "afterHooks": [],
              "tests": [
                {
                  "title": "should return true if email exists",
                  "fullTitle": "User Utils isEmailTaken should return true if email exists",
                  "timedOut": false,
                  "duration": 0,
                  "state": "passed",
                  "speed": "fast",
                  "pass": true,
                  "fail": false,
                  "pending": false,
                  "context": null,
                  "code": "expect(isEmailTaken(users, 'liam@domain.com')).to.be.true;",
                  "err": {},
                  "uuid": "4a6b0c32-c212-487a-8c58-abae7743c532",
                  "parentUUID": "aa1186d3-c29e-45db-8bba-5dcb0a7d33ae",
                  "isHook": false,
                  "skipped": false
                },
                {
                  "title": "should return false if email does not exist",
                  "fullTitle": "User Utils isEmailTaken should return false if email does not exist",
                  "timedOut": false,
                  "duration": 0,
                  "state": "passed",
                  "speed": "fast",
                  "pass": true,
                  "fail": false,
                  "pending": false,
                  "context": null,
                  "code": "expect(isEmailTaken(users, 'unknown@domain.com')).to.be.false;",
                  "err": {},
                  "uuid": "5052858c-52c9-4e6d-a37e-6729c6ee9ef8",
                  "parentUUID": "aa1186d3-c29e-45db-8bba-5dcb0a7d33ae",
                  "isHook": false,
                  "skipped": false
                },
                {
                  "title": "should throw an error if users is not an array",
                  "fullTitle": "User Utils isEmailTaken should throw an error if users is not an array",
                  "timedOut": false,
                  "duration": 1,
                  "state": "passed",
                  "speed": "fast",
                  "pass": true,
                  "fail": false,
                  "pending": false,
                  "context": null,
                  "code": "expect(() => isEmailTaken('not an array', 'test@test.com')).to.throw('Users must be an array');",
                  "err": {},
                  "uuid": "2c2c1345-e4a1-4e35-bec7-165ba01dd8b3",
                  "parentUUID": "aa1186d3-c29e-45db-8bba-5dcb0a7d33ae",
                  "isHook": false,
                  "skipped": false
                }
              ],
              "suites": [],
              "passes": [
                "4a6b0c32-c212-487a-8c58-abae7743c532",
                "5052858c-52c9-4e6d-a37e-6729c6ee9ef8",
                "2c2c1345-e4a1-4e35-bec7-165ba01dd8b3"
              ],
              "failures": [],
              "pending": [],
              "skipped": [],
              "duration": 1,
              "root": false,
              "rootEmpty": false,
              "_timeout": 2000
            }
          ],
          "passes": [],
          "failures": [],
          "pending": [],
          "skipped": [],
          "duration": 0,
          "root": false,
          "rootEmpty": false,
          "_timeout": 2000
        }
      ],
      "passes": [],
      "failures": [],
      "pending": [],
      "skipped": [],
      "duration": 0,
      "root": true,
      "rootEmpty": true,
      "_timeout": 2000
    }
  ],
  "meta": {
    "mocha": {
      "version": "11.1.0"
    },
    "mochawesome": {
      "options": {
        "quiet": false,
        "reportFilename": "mochawesome",
        "saveHtml": true,
        "saveJson": true,
        "consoleReporter": "spec",
        "useInlineDiffs": false,
        "code": true
      },
      "version": "7.1.3"
    },
    "marge": {
      "options": null,
      "version": "6.2.0"
    }
  }
}