TN:
SF:utils\arrayUtils.js
FN:2,findMax
FN:9,findMin
FN:16,removeDuplicates
FNF:3
FNH:3
FNDA:3,findMax
FNDA:3,findMin
FNDA:4,removeDuplicates
DA:1,1
DA:2,1
DA:3,3
DA:4,1
DA:5,1
DA:6,2
DA:7,3
DA:8,1
DA:9,1
DA:10,3
DA:11,1
DA:12,1
DA:13,2
DA:14,3
DA:15,1
DA:16,1
DA:17,4
DA:18,1
DA:19,1
DA:20,3
DA:21,4
LF:21
LH:21
BRDA:2,0,0,1
BRDA:2,1,0,3
BRDA:3,2,0,1
BRDA:6,3,0,2
BRDA:9,4,0,3
BRDA:10,5,0,1
BRDA:13,6,0,2
BRDA:16,7,0,4
BRDA:17,8,0,1
BRDA:20,9,0,3
BRF:10
BRH:10
end_of_record
TN:
SF:utils\mathUtils.js
FN:2,add
FN:6,subtract
FN:10,multiply
FN:14,divide
FNF:4
FNH:4
FNDA:3,add
FNDA:3,subtract
FNDA:3,multiply
FNDA:3,divide
DA:1,1
DA:2,1
DA:3,3
DA:4,3
DA:5,1
DA:6,1
DA:7,3
DA:8,3
DA:9,1
DA:10,1
DA:11,3
DA:12,3
DA:13,1
DA:14,1
DA:15,3
DA:16,1
DA:17,1
DA:18,2
DA:19,3
LF:19
LH:19
BRDA:2,0,0,1
BRDA:2,1,0,3
BRDA:6,2,0,3
BRDA:10,3,0,3
BRDA:14,4,0,3
BRDA:15,5,0,1
BRDA:18,6,0,2
BRF:7
BRH:7
end_of_record
TN:
SF:utils\stringUtils.js
FN:1,capitalize
FN:8,reverseString
FN:15,isPalindrome
FNF:3
FNH:3
FNDA:5,capitalize
FNDA:4,reverseString
FNDA:7,isPalindrome
DA:1,1
DA:2,5
DA:3,1
DA:4,1
DA:5,4
DA:6,5
DA:7,1
DA:8,1
DA:9,4
DA:10,1
DA:11,1
DA:12,3
DA:13,4
DA:14,1
DA:15,1
DA:16,7
DA:17,1
DA:18,1
DA:19,6
DA:20,6
DA:21,7
LF:21
LH:21
BRDA:1,0,0,1
BRDA:1,1,0,5
BRDA:2,2,0,1
BRDA:5,3,0,4
BRDA:8,4,0,4
BRDA:9,5,0,1
BRDA:12,6,0,3
BRDA:15,7,0,7
BRDA:16,8,0,1
BRDA:19,9,0,6
BRF:10
BRH:10
end_of_record
TN:
SF:utils\usersListUtils.js
FN:8,filterUsersByAge
FN:20,sortUsersByName
FN:33,findUserById
FN:46,isEmailTaken
FNF:4
FNH:4
FNDA:3,filterUsersByAge
FNDA:3,sortUsersByName
FNDA:3,findUserById
FNDA:3,isEmailTaken
DA:1,1
DA:2,1
DA:3,1
DA:4,1
DA:5,1
DA:6,1
DA:7,1
DA:8,1
DA:9,3
DA:10,1
DA:11,1
DA:12,2
DA:13,3
DA:14,1
DA:15,1
DA:16,1
DA:17,1
DA:18,1
DA:19,1
DA:20,1
DA:21,3
DA:22,1
DA:23,1
DA:24,2
DA:25,3
DA:26,1
DA:27,1
DA:28,1
DA:29,1
DA:30,1
DA:31,1
DA:32,1
DA:33,1
DA:34,3
DA:35,1
DA:36,1
DA:37,3
DA:38,3
DA:39,1
DA:40,1
DA:41,1
DA:42,1
DA:43,1
DA:44,1
DA:45,1
DA:46,1
DA:47,3
DA:48,1
DA:49,1
DA:50,2
DA:51,3
LF:51
LH:51
BRDA:1,0,0,1
BRDA:8,1,0,3
BRDA:9,2,0,1
BRDA:12,3,0,2
BRDA:12,4,0,8
BRDA:12,5,0,4
BRDA:20,6,0,3
BRDA:21,7,0,1
BRDA:24,8,0,2
BRDA:24,9,0,12
BRDA:33,10,0,3
BRDA:34,11,0,1
BRDA:37,12,0,2
BRDA:37,13,0,1
BRDA:37,14,0,7
BRDA:46,15,0,3
BRDA:47,16,0,1
BRDA:50,17,0,2
BRDA:50,18,0,6
BRF:19
BRH:19
end_of_record
